#
# A fatal error has been detected by the Java Runtime Environment:
#
#  EXCEPTION_ACCESS_VIOLATION (0xc0000005) at pc=0x657e3fc5, pid=5280, tid=7184
#
# JRE version: 7.0_17-b02
# Java VM: Java HotSpot(TM) Client VM (23.7-b01 mixed mode, sharing windows-x86 )
# Problematic frame:
# C  [libtesseract302.dll+0x63fc5]  ERRCODE::error+0xf5
#
# Failed to write core dump. Minidumps are not enabled by default on client versions of Windows
#
# If you would like to submit a bug report, please visit:
#   http://bugreport.sun.com/bugreport/crash.jsp
# The crash happened outside the Java Virtual Machine in native code.
# See problematic frame for where to report the bug.
#

---------------  T H R E A D  ---------------

Current thread (0x04753800):  JavaThread "AWT-EventQueue-0" [_thread_in_native, id=7184, stack(0x04cc0000,0x04d10000)]

siginfo: ExceptionCode=0xc0000005, reading address 0x00000000

Registers:
EAX=0x00000003, EBX=0x00000000, ECX=0x00000000, EDX=0x06a75131
ESP=0x04d0d3e0, EBP=0x0677c048, ESI=0x0692bb60, EDI=0x656660c0
EIP=0x657e3fc5, EFLAGS=0x00010246

Top of Stack: (sp=0x04d0d3e0)
0x04d0d3e0:   5f786970 616e6962 205f7972 4e203d21
0x04d0d3f0:   3a4c4c55 6f727245 73413a72 74726573
0x04d0d400:   69616620 3a64656c 66206e69 20656c69
0x04d0d410:   2e5c2e2e 63635c2e 6e69616d 6761705c
0x04d0d420:   67657365 6e69616d 7070632e 696c202c
0x04d0d430:   3120656e 000a3930 00000000 00000000
0x04d0d440:   00000000 00000000 00000000 00000000
0x04d0d450:   00000000 00000000 00000000 00000000 

Instructions: (pc=0x657e3fc5)
0x657e3fa5:   dc 81 8a 65 8b 84 24 28 04 00 00 83 c4 0c 5f 40
0x657e3fb5:   33 c9 5e 5b 83 f8 03 77 12 ff 24 85 fc 3f 7e 65
0x657e3fc5:   83 39 00 75 06 ff 15 88 82 8a 65 6a 00 6a 02 68
0x657e3fd5:   20 94 8b 65 68 8c c1 8e 65 e8 ed fe ff ff 83 c4 


Register to memory mapping:

EAX=0x00000003 is an unknown value
EBX=0x00000000 is an unknown value
ECX=0x00000000 is an unknown value
EDX=0x06a75131 is an unknown value
ESP=0x04d0d3e0 is pointing into the stack for thread: 0x04753800
EBP=0x0677c048 is an unknown value
ESI=0x0692bb60 is an unknown value
EDI=0x656660c0 is an unknown value


Stack: [0x04cc0000,0x04d10000],  sp=0x04d0d3e0,  free space=308k
Native frames: (J=compiled Java code, j=interpreted, Vv=VM code, C=native code)
C  [libtesseract302.dll+0x63fc5]  ERRCODE::error+0xf5

Java frames: (J=compiled Java code, j=interpreted, Vv=VM code)
j  com.sun.jna.Native.invokePointer(JI[Ljava/lang/Object;)J+0
j  com.sun.jna.Function.invokePointer(I[Ljava/lang/Object;)Lcom/sun/jna/Pointer;+6
j  com.sun.jna.Function.invoke([Ljava/lang/Object;Ljava/lang/Class;Z)Ljava/lang/Object;+642
j  com.sun.jna.Function.invoke(Ljava/lang/Class;[Ljava/lang/Object;Ljava/util/Map;)Ljava/lang/Object;+214
j  com.sun.jna.Library$Handler.invoke(Ljava/lang/Object;Ljava/lang/reflect/Method;[Ljava/lang/Object;)Ljava/lang/Object;+341
j  com.sun.proxy.$Proxy0.TessBaseAPIGetUTF8Text(Lnet/sourceforge/tess4j/TessAPI$TessBaseAPI;)Lcom/sun/jna/Pointer;+16
j  net.sourceforge.tess4j.Tesseract.doOCR(IILjava/nio/ByteBuffer;Ljava/awt/Rectangle;I)Ljava/lang/String;+216
j  net.sourceforge.tess4j.Tesseract.doOCR(Ljava/util/List;Ljava/awt/Rectangle;)Ljava/lang/String;+88
j  net.sourceforge.tess4j.Tesseract.doOCR(Ljava/awt/image/BufferedImage;Ljava/awt/Rectangle;)Ljava/lang/String;+33
j  gui.Window.doOCR(Ljava/awt/Rectangle;)V+10
j  gui.Window.performOcr()V+176
j  gui.Window$7.mouseReleased(Ljava/awt/event/MouseEvent;)V+4
j  java.awt.AWTEventMulticaster.mouseReleased(Ljava/awt/event/MouseEvent;)V+21
j  java.awt.Component.processMouseEvent(Ljava/awt/event/MouseEvent;)V+64
j  javax.swing.JComponent.processMouseEvent(Ljava/awt/event/MouseEvent;)V+23
j  java.awt.Component.processEvent(Ljava/awt/AWTEvent;)V+81
j  java.awt.Container.processEvent(Ljava/awt/AWTEvent;)V+18
j  java.awt.Component.dispatchEventImpl(Ljava/awt/AWTEvent;)V+581
J  java.awt.Container.dispatchEventImpl(Ljava/awt/AWTEvent;)V
J  java.awt.LightweightDispatcher.retargetMouseEvent(Ljava/awt/Component;ILjava/awt/event/MouseEvent;)V
j  java.awt.LightweightDispatcher.processMouseEvent(Ljava/awt/event/MouseEvent;)Z+139
j  java.awt.LightweightDispatcher.dispatchEvent(Ljava/awt/AWTEvent;)Z+50
J  java.awt.Container.dispatchEventImpl(Ljava/awt/AWTEvent;)V
j  java.awt.Window.dispatchEventImpl(Ljava/awt/AWTEvent;)V+19
J  java.awt.EventQueue.dispatchEventImpl(Ljava/awt/AWTEvent;Ljava/lang/Object;)V
J  java.awt.EventQueue$3.run()Ljava/lang/Object;
v  ~StubRoutines::call_stub
J  java.security.AccessController.doPrivileged(Ljava/security/PrivilegedAction;Ljava/security/AccessControlContext;)Ljava/lang/Object;
J  java.security.ProtectionDomain$1.doIntersectionPrivilege(Ljava/security/PrivilegedAction;Ljava/security/AccessControlContext;Ljava/security/AccessControlContext;)Ljava/lang/Object;
j  java.security.ProtectionDomain$1.doIntersectionPrivilege(Ljava/security/PrivilegedAction;Ljava/security/AccessControlContext;)Ljava/lang/Object;+6
j  java.awt.EventQueue$4.run()Ljava/lang/Void;+11
j  java.awt.EventQueue$4.run()Ljava/lang/Object;+1
v  ~StubRoutines::call_stub
J  java.security.AccessController.doPrivileged(Ljava/security/PrivilegedAction;Ljava/security/AccessControlContext;)Ljava/lang/Object;
J  java.awt.EventQueue.dispatchEvent(Ljava/awt/AWTEvent;)V
J  java.awt.EventDispatchThread.pumpOneEventForFilters(I)V
j  java.awt.EventDispatchThread.pumpEventsForFilter(ILjava/awt/Conditional;Ljava/awt/EventFilter;)V+35
j  java.awt.EventDispatchThread.pumpEventsForHierarchy(ILjava/awt/Conditional;Ljava/awt/Component;)V+11
j  java.awt.EventDispatchThread.pumpEvents(ILjava/awt/Conditional;)V+4
j  java.awt.EventDispatchThread.pumpEvents(Ljava/awt/Conditional;)V+3
j  java.awt.EventDispatchThread.run()V+9
v  ~StubRoutines::call_stub

---------------  P R O C E S S  ---------------

Java Threads: ( => current thread )
  0x047e7000 JavaThread "Swing-Shell" daemon [_thread_blocked, id=7312, stack(0x052b0000,0x05300000)]
  0x0477f000 JavaThread "TimerQueue" daemon [_thread_blocked, id=7240, stack(0x05160000,0x051b0000)]
  0x0098ac00 JavaThread "DestroyJavaVM" [_thread_blocked, id=208, stack(0x00730000,0x00780000)]
=>0x04753800 JavaThread "AWT-EventQueue-0" [_thread_in_native, id=7184, stack(0x04cc0000,0x04d10000)]
  0x04753000 JavaThread "AWT-Windows" daemon [_thread_in_native, id=6588, stack(0x04ab0000,0x04b00000)]
  0x04752800 JavaThread "AWT-Shutdown" [_thread_blocked, id=8132, stack(0x04a20000,0x04a70000)]
  0x04751400 JavaThread "Java2D Disposer" daemon [_thread_blocked, id=3020, stack(0x04990000,0x049e0000)]
  0x008a3800 JavaThread "Service Thread" daemon [_thread_blocked, id=4136, stack(0x04280000,0x042d0000)]
  0x0089f000 JavaThread "C1 CompilerThread0" daemon [_thread_blocked, id=6172, stack(0x041f0000,0x04240000)]
  0x0089e000 JavaThread "Attach Listener" daemon [_thread_blocked, id=7680, stack(0x04160000,0x041b0000)]
  0x0089ac00 JavaThread "Signal Dispatcher" daemon [_thread_blocked, id=6832, stack(0x04110000,0x04160000)]
  0x00884c00 JavaThread "Finalizer" daemon [_thread_blocked, id=6416, stack(0x00c10000,0x00c60000)]
  0x00883400 JavaThread "Reference Handler" daemon [_thread_blocked, id=1416, stack(0x00b80000,0x00bd0000)]

Other Threads:
  0x00881c00 VMThread [stack: 0x00af0000,0x00b40000] [id=5060]
  0x008b3c00 WatcherThread [stack: 0x04310000,0x04360000] [id=2388]

VM state:not at safepoint (normal execution)

VM Mutex/Monitor currently owned by a thread: None

Heap
 def new generation   total 4992K, used 308K [0x24730000, 0x24c90000, 0x29c80000)
  eden space 4480K,   2% used [0x24730000, 0x2474d200, 0x24b90000)
  from space 512K,  37% used [0x24b90000, 0x24bbff28, 0x24c10000)
  to   space 512K,   0% used [0x24c10000, 0x24c10000, 0x24c90000)
 tenured generation   total 17020K, used 11875K [0x29c80000, 0x2ad1f000, 0x34730000)
   the space 17020K,  69% used [0x29c80000, 0x2a818e90, 0x2a819000, 0x2ad1f000)
 compacting perm gen  total 12288K, used 3343K [0x34730000, 0x35330000, 0x38730000)
   the space 12288K,  27% used [0x34730000, 0x34a73db8, 0x34a73e00, 0x35330000)
    ro space 10240K,  45% used [0x38730000, 0x38bb73d8, 0x38bb7400, 0x39130000)
    rw space 12288K,  54% used [0x39130000, 0x397bacc8, 0x397bae00, 0x39d30000)

Card table byte_map: [0x00990000,0x00a40000] byte_map_base: 0x0086c680

Polling page: 0x00550000

Code Cache  [0x02110000, 0x02298000, 0x04110000)
 total_blobs=888 nmethods=656 adapters=166 free_code_cache=31216Kb largest_free_block=31965440

Compilation events (10 events):
Event: 66.420 Thread 0x0089f000  658  s          java.util.Vector::elementAt (48 bytes)
Event: 66.420 Thread 0x0089f000 nmethod 658 0x02292888 code [0x022929e0, 0x02292dec]
Event: 66.420 Thread 0x0089f000  659  s          java.util.Vector::addElement (38 bytes)
Event: 66.420 Thread 0x0089f000 nmethod 659 0x02293108 code [0x02293220, 0x022934ac]
Event: 67.332 Thread 0x0089f000  660             sun.java2d.pipe.PixelToParallelogramConverter::normalize (15 bytes)
Event: 67.332 Thread 0x0089f000 nmethod 660 0x02293648 code [0x02293760, 0x0229382c]
Event: 67.484 Thread 0x0089f000  661             java.awt.event.InputEvent::consume (6 bytes)
Event: 67.485 Thread 0x0089f000 nmethod 661 0x022938c8 code [0x022939c0, 0x02293a40]
Event: 68.028 Thread 0x0089f000  662             java.util.TreeMap::getEntry (84 bytes)
Event: 68.028 Thread 0x0089f000 nmethod 662 0x02293a88 code [0x02293bc0, 0x02293da4]

GC Heap History (10 events):
Event: 14.434 GC heap before
{Heap before GC invocations=3 (full 0):
 def new generation   total 4928K, used 4550K [0x24730000, 0x24c80000, 0x29c80000)
  eden space 4416K, 100% used [0x24730000, 0x24b80000, 0x24b80000)
  from space 512K,  26% used [0x24c00000, 0x24c21998, 0x24c80000)
  to   space 512K,   0% used [0x24b80000, 0x24b80000, 0x24c00000)
 tenured generation   total 10944K, used 8430K [0x29c80000, 0x2a730000, 0x34730000)
   the space 10944K,  77% used [0x29c80000, 0x2a4bb9c0, 0x2a4bba00, 0x2a730000)
 compacting perm gen  total 12288K, used 2419K [0x34730000, 0x35330000, 0x38730000)
   the space 12288K,  19% used [0x34730000, 0x3498ccc0, 0x3498ce00, 0x35330000)
    ro space 10240K,  45% used [0x38730000, 0x38bb73d8, 0x38bb7400, 0x39130000)
    rw space 12288K,  54% used [0x39130000, 0x397bacc8, 0x397bae00, 0x39d30000)
Event: 14.436 GC heap after
Heap after GC invocations=4 (full 0):
 def new generation   total 4928K, used 512K [0x24730000, 0x24c80000, 0x29c80000)
  eden space 4416K,   0% used [0x24730000, 0x24730000, 0x24b80000)
  from space 512K, 100% used [0x24b80000, 0x24c00000, 0x24c00000)
  to   space 512K,   0% used [0x24c00000, 0x24c00000, 0x24c80000)
 tenured generation   total 10944K, used 8920K [0x29c80000, 0x2a730000, 0x34730000)
   the space 10944K,  81% used [0x29c80000, 0x2a5363e0, 0x2a536400, 0x2a730000)
 compacting perm gen  total 12288K, used 2419K [0x34730000, 0x35330000, 0x38730000)
   the space 12288K,  19% used [0x34730000, 0x3498ccc0, 0x3498ce00, 0x35330000)
    ro space 10240K,  45% used [0x38730000, 0x38bb73d8, 0x38bb7400, 0x39130000)
    rw space 12288K,  54% used [0x39130000, 0x397bacc8, 0x397bae00, 0x39d30000)
}
Event: 14.552 GC heap before
{Heap before GC invocations=4 (full 0):
 def new generation   total 4928K, used 4890K [0x24730000, 0x24c80000, 0x29c80000)
  eden space 4416K,  99% used [0x24730000, 0x24b76998, 0x24b80000)
  from space 512K, 100% used [0x24b80000, 0x24c00000, 0x24c00000)
  to   space 512K,   0% used [0x24c00000, 0x24c00000, 0x24c80000)
 tenured generation   total 10944K, used 8920K [0x29c80000, 0x2a730000, 0x34730000)
   the space 10944K,  81% used [0x29c80000, 0x2a5363e0, 0x2a536400, 0x2a730000)
 compacting perm gen  total 12288K, used 2881K [0x34730000, 0x35330000, 0x38730000)
   the space 12288K,  23% used [0x34730000, 0x34a00550, 0x34a00600, 0x35330000)
    ro space 10240K,  45% used [0x38730000, 0x38bb73d8, 0x38bb7400, 0x39130000)
    rw space 12288K,  54% used [0x39130000, 0x397bacc8, 0x397bae00, 0x39d30000)
Event: 14.555 GC heap after
Heap after GC invocations=5 (full 0):
 def new generation   total 4928K, used 511K [0x24730000, 0x24c80000, 0x29c80000)
  eden space 4416K,   0% used [0x24730000, 0x24730000, 0x24b80000)
  from space 512K,  99% used [0x24c00000, 0x24c7fff8, 0x24c80000)
  to   space 512K,   0% used [0x24b80000, 0x24b80000, 0x24c00000)
 tenured generation   total 10944K, used 9571K [0x29c80000, 0x2a730000, 0x34730000)
   the space 10944K,  87% used [0x29c80000, 0x2a5d8c30, 0x2a5d8e00, 0x2a730000)
 compacting perm gen  total 12288K, used 2881K [0x34730000, 0x35330000, 0x38730000)
   the space 12288K,  23% used [0x34730000, 0x34a00550, 0x34a00600, 0x35330000)
    ro space 10240K,  45% used [0x38730000, 0x38bb73d8, 0x38bb7400, 0x39130000)
    rw space 12288K,  54% used [0x39130000, 0x397bacc8, 0x397bae00, 0x39d30000)
}
Event: 41.917 GC heap before
{Heap before GC invocations=5 (full 0):
 def new generation   total 4928K, used 4868K [0x24730000, 0x24c80000, 0x29c80000)
  eden space 4416K,  98% used [0x24730000, 0x24b711c8, 0x24b80000)
  from space 512K,  99% used [0x24c00000, 0x24c7fff8, 0x24c80000)
  to   space 512K,   0% used [0x24b80000, 0x24b80000, 0x24c00000)
 tenured generation   total 10944K, used 9571K [0x29c80000, 0x2a730000, 0x34730000)
   the space 10944K,  87% used [0x29c80000, 0x2a5d8c30, 0x2a5d8e00, 0x2a730000)
 compacting perm gen  total 12288K, used 3323K [0x34730000, 0x35330000, 0x38730000)
   the space 12288K,  27% used [0x34730000, 0x34a6ee90, 0x34a6f000, 0x35330000)
    ro space 10240K,  45% used [0x38730000, 0x38bb73d8, 0x38bb7400, 0x39130000)
    rw space 12288K,  54% used [0x39130000, 0x397bacc8, 0x397bae00, 0x39d30000)
Event: 41.946 GC heap after
Heap after GC invocations=6 (full 1):
 def new generation   total 4992K, used 0K [0x24730000, 0x24c90000, 0x29c80000)
  eden space 4480K,   0% used [0x24730000, 0x24730000, 0x24b90000)
  from space 512K,   0% used [0x24b90000, 0x24b90000, 0x24c10000)
  to   space 512K,   0% used [0x24c10000, 0x24c10000, 0x24c90000)
 tenured generation   total 10944K, used 5800K [0x29c80000, 0x2a730000, 0x34730000)
   the space 10944K,  53% used [0x29c80000, 0x2a22a280, 0x2a22a400, 0x2a730000)
 compacting perm gen  total 12288K, used 3323K [0x34730000, 0x35330000, 0x38730000)
   the space 12288K,  27% used [0x34730000, 0x34a6ee90, 0x34a6f000, 0x35330000)
    ro space 10240K,  45% used [0x38730000, 0x38bb73d8, 0x38bb7400, 0x39130000)
    rw space 12288K,  54% used [0x39130000, 0x397bacc8, 0x397bae00, 0x39d30000)
}
Event: 41.983 GC heap before
{Heap before GC invocations=6 (full 1):
 def new generation   total 4992K, used 4480K [0x24730000, 0x24c90000, 0x29c80000)
  eden space 4480K, 100% used [0x24730000, 0x24b90000, 0x24b90000)
  from space 512K,   0% used [0x24b90000, 0x24b90000, 0x24c10000)
  to   space 512K,   0% used [0x24c10000, 0x24c10000, 0x24c90000)
 tenured generation   total 17020K, used 11875K [0x29c80000, 0x2ad1f000, 0x34730000)
   the space 17020K,  69% used [0x29c80000, 0x2a818e90, 0x2a819000, 0x2ad1f000)
 compacting perm gen  total 12288K, used 3323K [0x34730000, 0x35330000, 0x38730000)
   the space 12288K,  27% used [0x34730000, 0x34a6ee90, 0x34a6f000, 0x35330000)
    ro space 10240K,  45% used [0x38730000, 0x38bb73d8, 0x38bb7400, 0x39130000)
    rw space 12288K,  54% used [0x39130000, 0x397bacc8, 0x397bae00, 0x39d30000)
Event: 41.984 GC heap after
Heap after GC invocations=7 (full 1):
 def new generation   total 4992K, used 6K [0x24730000, 0x24c90000, 0x29c80000)
  eden space 4480K,   0% used [0x24730000, 0x24730000, 0x24b90000)
  from space 512K,   1% used [0x24c10000, 0x24c119b8, 0x24c90000)
  to   space 512K,   0% used [0x24b90000, 0x24b90000, 0x24c10000)
 tenured generation   total 17020K, used 11875K [0x29c80000, 0x2ad1f000, 0x34730000)
   the space 17020K,  69% used [0x29c80000, 0x2a818e90, 0x2a819000, 0x2ad1f000)
 compacting perm gen  total 12288K, used 3323K [0x34730000, 0x35330000, 0x38730000)
   the space 12288K,  27% used [0x34730000, 0x34a6ee90, 0x34a6f000, 0x35330000)
    ro space 10240K,  45% used [0x38730000, 0x38bb73d8, 0x38bb7400, 0x39130000)
    rw space 12288K,  54% used [0x39130000, 0x397bacc8, 0x397bae00, 0x39d30000)
}
Event: 68.030 GC heap before
{Heap before GC invocations=7 (full 1):
 def new generation   total 4992K, used 4470K [0x24730000, 0x24c90000, 0x29c80000)
  eden space 4480K,  99% used [0x24730000, 0x24b8bfa8, 0x24b90000)
  from space 512K,   1% used [0x24c10000, 0x24c119b8, 0x24c90000)
  to   space 512K,   0% used [0x24b90000, 0x24b90000, 0x24c10000)
 tenured generation   total 17020K, used 11875K [0x29c80000, 0x2ad1f000, 0x34730000)
   the space 17020K,  69% used [0x29c80000, 0x2a818e90, 0x2a819000, 0x2ad1f000)
 compacting perm gen  total 12288K, used 3343K [0x34730000, 0x35330000, 0x38730000)
   the space 12288K,  27% used [0x34730000, 0x34a73db8, 0x34a73e00, 0x35330000)
    ro space 10240K,  45% used [0x38730000, 0x38bb73d8, 0x38bb7400, 0x39130000)
    rw space 12288K,  54% used [0x39130000, 0x397bacc8, 0x397bae00, 0x39d30000)
Event: 68.031 GC heap after
Heap after GC invocations=8 (full 1):
 def new generation   total 4992K, used 191K [0x24730000, 0x24c90000, 0x29c80000)
  eden space 4480K,   0% used [0x24730000, 0x24730000, 0x24b90000)
  from space 512K,  37% used [0x24b90000, 0x24bbff28, 0x24c10000)
  to   space 512K,   0% used [0x24c10000, 0x24c10000, 0x24c90000)
 tenured generation   total 17020K, used 11875K [0x29c80000, 0x2ad1f000, 0x34730000)
   the space 17020K,  69% used [0x29c80000, 0x2a818e90, 0x2a819000, 0x2ad1f000)
 compacting perm gen  total 12288K, used 3343K [0x34730000, 0x35330000, 0x38730000)
   the space 12288K,  27% used [0x34730000, 0x34a73db8, 0x34a73e00, 0x35330000)
    ro space 10240K,  45% used [0x38730000, 0x38bb73d8, 0x38bb7400, 0x39130000)
    rw space 12288K,  54% used [0x39130000, 0x397bacc8, 0x397bae00, 0x39d30000)
}

Deoptimization events (0 events):
No events

Internal exceptions (10 events):
Event: 14.673 Thread 0x04753800 Threw 0x2491f650 at C:\jdk7u2_32P\jdk7u17\hotspot\src\share\vm\prims\jvm.cpp:1166
Event: 14.674 Thread 0x04753800 Threw 0x249218c8 at C:\jdk7u2_32P\jdk7u17\hotspot\src\share\vm\prims\jvm.cpp:1166
Event: 14.674 Thread 0x04753800 Threw 0x24924028 at C:\jdk7u2_32P\jdk7u17\hotspot\src\share\vm\prims\jvm.cpp:1166
Event: 14.675 Thread 0x04753800 Threw 0x24926920 at C:\jdk7u2_32P\jdk7u17\hotspot\src\share\vm\prims\jvm.cpp:1166
Event: 14.675 Thread 0x04753800 Threw 0x24929108 at C:\jdk7u2_32P\jdk7u17\hotspot\src\share\vm\prims\jvm.cpp:1166
Event: 14.677 Thread 0x04753800 Threw 0x2492e5e8 at C:\jdk7u2_32P\jdk7u17\hotspot\src\share\vm\prims\jvm.cpp:1166
Event: 14.677 Thread 0x04753800 Threw 0x24931e98 at C:\jdk7u2_32P\jdk7u17\hotspot\src\share\vm\prims\jvm.cpp:1166
Event: 14.678 Thread 0x04753800 Threw 0x24936dc0 at C:\jdk7u2_32P\jdk7u17\hotspot\src\share\vm\prims\jvm.cpp:1166
Event: 14.701 Thread 0x04753800 Threw 0x2493a490 at C:\jdk7u2_32P\jdk7u17\hotspot\src\share\vm\prims\jvm.cpp:1166
Event: 14.702 Thread 0x04753800 Threw 0x2493d310 at C:\jdk7u2_32P\jdk7u17\hotspot\src\share\vm\prims\jvm.cpp:1166

Events (10 events):
Event: 53.998 Executing VM operation: BulkRevokeBias
Event: 53.998 Executing VM operation: BulkRevokeBias done
Event: 68.030 Executing VM operation: GenCollectForAllocation
Event: 68.031 Executing VM operation: GenCollectForAllocation done
Event: 68.031 Executing VM operation: RevokeBias
Event: 68.032 Executing VM operation: RevokeBias done
Event: 68.032 Executing VM operation: RevokeBias
Event: 68.032 Executing VM operation: RevokeBias done
Event: 68.032 Executing VM operation: RevokeBias
Event: 68.032 Executing VM operation: RevokeBias done


Dynamic libraries:
0x00ce0000 - 0x00d0f000 	C:\Program Files (x86)\Java\jdk1.7.0_17\bin\javaw.exe
0x77860000 - 0x779b7000 	C:\WINDOWS\SYSTEM32\ntdll.dll
0x75d10000 - 0x75e40000 	C:\WINDOWS\SYSTEM32\KERNEL32.DLL
0x75c20000 - 0x75cc6000 	C:\WINDOWS\SYSTEM32\KERNELBASE.dll
0x75340000 - 0x753ee000 	C:\WINDOWS\SYSTEM32\ADVAPI32.dll
0x77680000 - 0x77796000 	C:\WINDOWS\SYSTEM32\USER32.dll
0x6caf0000 - 0x6cce7000 	C:\WINDOWS\WinSxS\x86_microsoft.windows.common-controls_6595b64144ccf1df_6.0.9200.16384_none_893961408605e985\COMCTL32.dll
0x74f30000 - 0x74fe1000 	C:\WINDOWS\SYSTEM32\msvcrt.dll
0x75cd0000 - 0x75d04000 	C:\WINDOWS\SYSTEM32\sechost.dll
0x75180000 - 0x7522c000 	C:\WINDOWS\SYSTEM32\RPCRT4.dll
0x75230000 - 0x7532d000 	C:\WINDOWS\SYSTEM32\GDI32.dll
0x74ed0000 - 0x74eec000 	C:\WINDOWS\SYSTEM32\SspiCli.dll
0x74ec0000 - 0x74ec9000 	C:\WINDOWS\SYSTEM32\CRYPTBASE.dll
0x74e60000 - 0x74eb1000 	C:\WINDOWS\SYSTEM32\bcryptPrimitives.dll
0x754a0000 - 0x754c0000 	C:\WINDOWS\system32\IMM32.DLL
0x770b0000 - 0x7718c000 	C:\WINDOWS\SYSTEM32\MSCTF.dll
0x74ce0000 - 0x74d15000 	C:\WINDOWS\SYSTEM32\nvinit.dll
0x696e0000 - 0x6979e000 	C:\Program Files (x86)\Java\jdk1.7.0_17\jre\bin\msvcr100.dll
0x66300000 - 0x6664c000 	C:\Program Files (x86)\Java\jdk1.7.0_17\jre\bin\client\jvm.dll
0x71170000 - 0x71178000 	C:\WINDOWS\SYSTEM32\WSOCK32.dll
0x72590000 - 0x725b1000 	C:\WINDOWS\SYSTEM32\WINMM.dll
0x75330000 - 0x75336000 	C:\WINDOWS\SYSTEM32\PSAPI.DLL
0x75670000 - 0x756c0000 	C:\WINDOWS\SYSTEM32\WS2_32.dll
0x72560000 - 0x7258a000 	C:\WINDOWS\SYSTEM32\WINMMBASE.dll
0x77190000 - 0x77198000 	C:\WINDOWS\SYSTEM32\NSI.dll
0x6d580000 - 0x6d58c000 	C:\Program Files (x86)\Java\jdk1.7.0_17\jre\bin\verify.dll
0x6a360000 - 0x6a380000 	C:\Program Files (x86)\Java\jdk1.7.0_17\jre\bin\java.dll
0x69df0000 - 0x69e03000 	C:\Program Files (x86)\Java\jdk1.7.0_17\jre\bin\zip.dll
0x69590000 - 0x696d2000 	C:\Program Files (x86)\Java\jdk1.7.0_17\jre\bin\awt.dll
0x75410000 - 0x7549b000 	C:\WINDOWS\SYSTEM32\OLEAUT32.dll
0x75ae0000 - 0x75c16000 	C:\WINDOWS\SYSTEM32\combase.dll
0x605b0000 - 0x60657000 	C:\WINDOWS\system32\apphelp.dll
0x71210000 - 0x71298000 	C:\WINDOWS\system32\uxtheme.dll
0x711e0000 - 0x711f9000 	C:\WINDOWS\SYSTEM32\dwmapi.dll
0x75970000 - 0x75a89000 	C:\WINDOWS\SYSTEM32\ole32.dll
0x75fe0000 - 0x770a5000 	C:\WINDOWS\SYSTEM32\SHELL32.dll
0x74ef0000 - 0x74f30000 	C:\WINDOWS\SYSTEM32\SHLWAPI.dll
0x74c60000 - 0x74cd5000 	C:\WINDOWS\SYSTEM32\shcore.dll
0x775b0000 - 0x77637000 	C:\WINDOWS\WinSxS\x86_microsoft.windows.common-controls_6595b64144ccf1df_5.82.9200.16384_none_bf100cd445f4d954\comctl32.dll
0x667a0000 - 0x667ca000 	C:\Program Files (x86)\Java\jdk1.7.0_17\jre\bin\fontmanager.dll
0x66780000 - 0x66794000 	C:\Program Files (x86)\Java\jdk1.7.0_17\jre\bin\net.dll
0x717a0000 - 0x717ea000 	C:\WINDOWS\system32\mswsock.dll
0x6c9b0000 - 0x6c9be000 	C:\Program Files (x86)\Java\jdk1.7.0_17\jre\bin\nio.dll
0x66740000 - 0x66771000 	C:\Program Files (x86)\Java\jdk1.7.0_17\jre\bin\t2k.dll
0x756c0000 - 0x7586f000 	C:\WINDOWS\SYSTEM32\SETUPAPI.dll
0x75a90000 - 0x75ad6000 	C:\WINDOWS\SYSTEM32\CFGMGR32.dll
0x75950000 - 0x7596e000 	C:\WINDOWS\SYSTEM32\DEVOBJ.dll
0x771a0000 - 0x77214000 	C:\WINDOWS\SYSTEM32\clbcatq.dll
0x6c560000 - 0x6c679000 	C:\WINDOWS\system32\propsys.dll
0x66160000 - 0x662f8000 	C:\WINDOWS\system32\NetworkExplorer.dll
0x6a480000 - 0x6a4b3000 	C:\WINDOWS\System32\shdocvw.dll
0x74170000 - 0x74181000 	C:\WINDOWS\SYSTEM32\profapi.dll
0x74c40000 - 0x74c53000 	C:\WINDOWS\SYSTEM32\MPR.dll
0x6b400000 - 0x6b408000 	C:\WINDOWS\System32\drprov.dll
0x6f090000 - 0x6f0ce000 	C:\WINDOWS\System32\WINSTA.dll
0x69de0000 - 0x69def000 	C:\WINDOWS\System32\ntlanman.dll
0x66720000 - 0x66739000 	C:\WINDOWS\System32\davclnt.dll
0x69ae0000 - 0x69ae9000 	C:\WINDOWS\System32\DAVHLPR.dll
0x74bd0000 - 0x74be0000 	C:\WINDOWS\SYSTEM32\wkscli.dll
0x704a0000 - 0x704ae000 	C:\WINDOWS\SYSTEM32\cscapi.dll
0x74c00000 - 0x74c0b000 	C:\WINDOWS\SYSTEM32\netutils.dll
0x660f0000 - 0x66155000 	C:\Windows\SYSTEM32\dlnashext.dll
0x65ff0000 - 0x660e8000 	C:\Windows\System32\Windows.Media.Streaming.dll
0x70730000 - 0x7076f000 	C:\Windows\System32\POWRPROF.dll
0x666e0000 - 0x66715000 	C:\Windows\System32\XmlLite.dll
0x748f0000 - 0x7490a000 	C:\WINDOWS\SYSTEM32\CRYPTSP.dll
0x74860000 - 0x7489e000 	C:\WINDOWS\system32\rsaenh.dll
0x666d0000 - 0x666dc000 	C:\Windows\System32\DevDispItemProvider.dll
0x65e10000 - 0x65fec000 	C:\WINDOWS\system32\wpdshext.dll
0x77220000 - 0x77383000 	C:\WINDOWS\WinSxS\x86_microsoft.windows.gdiplus_6595b64144ccf1df_1.1.9200.16384_none_ba245425e0986353\gdiplus.dll
0x65d90000 - 0x65e0a000 	C:\Windows\SYSTEM32\PortableDeviceApi.dll
0x75870000 - 0x758b3000 	C:\WINDOWS\SYSTEM32\WINTRUST.dll
0x75e40000 - 0x75fc8000 	C:\WINDOWS\SYSTEM32\CRYPT32.dll
0x77640000 - 0x77652000 	C:\WINDOWS\SYSTEM32\MSASN1.dll
0x66660000 - 0x6669c000 	C:\WINDOWS\system32\audiodev.dll
0x65b30000 - 0x65d8f000 	C:\WINDOWS\system32\WMVCore.DLL
0x65af0000 - 0x65b2c000 	C:\WINDOWS\system32\WMASF.DLL
0x65a30000 - 0x65ae4000 	C:\WINDOWS\system32\SearchFolder.dll
0x649e0000 - 0x649e9000 	C:\WINDOWS\SYSTEM32\LINKINFO.dll
0x6ecf0000 - 0x6ee36000 	C:\WINDOWS\SYSTEM32\WindowsCodecs.dll
0x725c0000 - 0x725db000 	C:\WINDOWS\SYSTEM32\USERENV.dll
0x70600000 - 0x70610000 	C:\WINDOWS\system32\NLAapi.dll
0x710b0000 - 0x71125000 	C:\WINDOWS\SYSTEM32\DNSAPI.dll
0x705f0000 - 0x705f9000 	C:\WINDOWS\System32\winrnr.dll
0x705e0000 - 0x705f0000 	C:\WINDOWS\system32\napinsp.dll
0x705c0000 - 0x705d4000 	C:\WINDOWS\system32\pnrpnsp.dll
0x6ec40000 - 0x6ec47000 	C:\Windows\System32\rasadhlp.dll
0x74930000 - 0x74952000 	C:\WINDOWS\SYSTEM32\IPHLPAPI.DLL
0x74910000 - 0x74918000 	C:\WINDOWS\SYSTEM32\WINNSI.DLL
0x706e0000 - 0x7071f000 	C:\WINDOWS\System32\fwpuclnt.dll
0x10000000 - 0x1003d000 	C:\Users\Mayank\AppData\Local\Temp\jna-Mayank\jna7688381777474704308.dll
0x65780000 - 0x6599a000 	A:\Coding\Files\java\SOP\OCR\libtesseract302.dll
0x655e0000 - 0x6577c000 	A:\Coding\Files\java\SOP\OCR\liblept168.dll
0x74d20000 - 0x74dc3000 	C:\WINDOWS\WinSxS\x86_microsoft.vc90.crt_1fc8b3b9a1e18e3b_9.0.30729.6871_none_50944e7cbcb706e5\MSVCR90.dll
0x74dd0000 - 0x74e5e000 	C:\WINDOWS\WinSxS\x86_microsoft.vc90.crt_1fc8b3b9a1e18e3b_9.0.30729.6871_none_50944e7cbcb706e5\MSVCP90.dll
0x65a00000 - 0x65a25000 	C:\Program Files (x86)\Java\jdk1.7.0_17\jre\bin\jpeg.dll
0x659a0000 - 0x659c4000 	C:\Program Files (x86)\Java\jdk1.7.0_17\jre\bin\dcpr.dll
0x6c9c0000 - 0x6cae9000 	C:\WINDOWS\SYSTEM32\dbghelp.dll

VM Arguments:
jvm_args: -Dfile.encoding=Cp1252 
java_command: gui.Window
Launcher Type: SUN_STANDARD

Environment Variables:
PATH=C:\Program Files (x86)\NVIDIA Corporation\PhysX\Common;C:\Program Files\Common Files\Microsoft Shared\Windows Live;C:\Program Files (x86)\Common Files\Microsoft Shared\Windows Live;C:\WINDOWS\system32;C:\WINDOWS;C:\WINDOWS\System32\Wbem;C:\WINDOWS\System32\WindowsPowerShell\v1.0\;C:\Program Files (x86)\EgisTec MyWinLocker\x64;C:\Program Files (x86)\EgisTec MyWinLocker\;C:\Program Files (x86)\Windows Live\Shared;C:\Program Files (x86)\Tesseract-OCR;C:\Program Files (x86)\Autodesk\Backburner\;C:\Program Files\Java\jdk1.7.0_04\bin;C:\Program Files (x86)\Google\google_appengine;C:\Python27;C:\Python27\scripts;C:\Python27\Lib\site-packages\django\bin
USERNAME=Mayank
OS=Windows_NT
PROCESSOR_IDENTIFIER=Intel64 Family 6 Model 42 Stepping 7, GenuineIntel



---------------  S Y S T E M  ---------------

OS: Windows 8 , 64 bit Build 9200 

CPU:total 4 (2 cores per cpu, 2 threads per core) family 6 model 42 stepping 7, cmov, cx8, fxsr, mmx, sse, sse2, sse3, ssse3, sse4.1, sse4.2, popcnt, avx, ht, tsc, tscinvbit

Memory: 4k page, physical 4042604k(1929728k free), swap 8105836k(5522060k free)

vm_info: Java HotSpot(TM) Client VM (23.7-b01) for windows-x86 JRE (1.7.0_17-b02), built on Mar  1 2013 05:04:36 by "java_re" with unknown MS VC++:1600

time: Tue Apr 02 05:01:11 2013
elapsed time: 68 seconds

